[www.redemptionchurch.co.za/index.html]
[backblue.gif]
[fade.gif]
[index.html]
[images.squarespace-cdn.com/content/5e7239232f1ecd14b3d5416c/1609780003702-77GGMXKAXUFXBGZ1K3LO/Redemption+logo+white2acd.png]
[assets.squarespace.com/universal/scripts-compressed/cldr-resource-pack-7d6dc599f0e9e5882dcca-min.en-US.js]
[assets.squarespace.com/universal/scripts-compressed/moment-js-vendor-26ddeab7fa5f90b6c8cb3-min.en-US.js]
[assets.squarespace.com/universal/scripts-compressed/common-vendors-stable-afecde13fe31e4470ac33-min.en-US.js]
[assets.squarespace.com/universal/styles-compressed/commerce-0418f029ba9aeb9db8790-min.en-US.css]
[assets.squarespace.com/universal/scripts-compressed/performance-0add3f16b92e7b8855b50-min.en-US.js]
[static1.squarespace.com/static/sitecss/5e7239232f1ecd14b3d5416c/39/5c5a519771c10ba3470d8101/5e7239232f1ecd14b3d54186/1052-05142015/1618311964791/site.css]
[connect.facebook.net/en_US/fbevents.js]
[www.redemptionchurch.co.za/cart.html]
[www.redemptionchurch.co.za/online-church.html]
[assets.squarespace.com/universal/scripts-compressed/common-vendors-e73bd3fae4439132617e4-min.en-US.js]
[assets.squarespace.com/universal/scripts-compressed/common-0e95fffbfaa6de282ebb3-min.en-US.js]
[assets.squarespace.com/universal/scripts-compressed/commerce-4eaae22deda4e74a5225f-min.en-US.js]
[www.redemptionchurch.co.za/new-believers.html]
[www.redemptionchurch.co.za/connect.html]
[www.redemptionchurch.co.za/kids.html]
[www.redemptionchurch.co.za/youth.html]
[www.redemptionchurch.co.za/jesuscares.html]
[www.redemptionchurch.co.za/youth-blogs.html]
[www.redemptionchurch.co.za/testimonies.html]
[www.redemptionchurch.co.za/give.html]
[www.redemptionchurch.co.za/about.html]
[www.redemptionchurch.co.za/prayer.html]
[www.redemptionchurch.co.za/contact.html]
[images.squarespace-cdn.com/content/v1/5e7239232f1ecd14b3d5416c/1584546723330-61H4HT9ZV8QMR82OQ48F/ke17ZwdGBToddI8pDm48kISFTi2zhQtSN8wHEHNS4GJ7gQa/Stocksy_txp824ffa5crXt000_Large_844923.jpg]
[images.squarespace-cdn.com/content/v1/5e7239232f1ecd14b3d5416c/1584808406071-CKSLCB65ERMLUWGU1PX7/ke17ZwdGBToddI8pDm48kNvT88LknE-K9M4pGNO0Iqd7gQa/kids-smalldevo.jpg]
[images.squarespace-cdn.com/content/v1/5e7239232f1ecd14b3d5416c/1595665979304-8VBAXFFHHF34ZQKE7L5V/ke17ZwdGBToddI8pDm48kFTEgwhRQcX9r3XtU0e50sUUqsx/LITD+Youtube+Tumbnail(2).png]
[www.redemptionchurch.co.za/https_/www.redemptionchurch.co.za/jesuscares.23.delayed]
[images.squarespace-cdn.com/content/v1/5e7239232f1ecd14b3d5416c/1614344513871-LI4O633OMGA019303HQT/ke17ZwdGBToddI8pDm48kA47qaxzGU3oa60Mv3IrElh7gQa/App+Wide.jpg]
[images.squarespace-cdn.com/content/v1/5e7239232f1ecd14b3d5416c/1584709481620-VEIM9FK3WD4D4FVS7TUC/ke17ZwdGBToddI8pDm48kLbhxT1wQsNnSxtdWeH8PNwUqsx/Redemption-logo-white.png]
[www.redemptionchurch.co.za/index.html]
[assets.squarespace.com/universal/images-v6/standard/icon_close_7_light.png]
[assets.squarespace.com/universal/images-v6/damask/cart-16-light.png]
[assets.squarespace.com/universal/images-v6/damask/cart-32-light.png]
[static1.squarespace.com/static/ta/5c5a514d65019f01a2cb2be5/1052/scripts/site-bundle.js]
[assets.squarespace.com/universal/images-v6/icons/icon-cart-18-dark.png]
[assets.squarespace.com/universal/styles-compressed/commerce-0418f029ba9aeb9db8790-min.en-US.css]
[assets.squarespace.com/universal/images-v6/damask/error-dark.png]
[assets.squarespace.com/universal/images-v6/damask/error-dark@2x.png]
[assets.squarespace.com/universal/images-v6/damask/play-button.png]
[assets.squarespace.com/universal/images-v6/damask/play-button@2x.png]
[assets.squarespace.com/universal/images-v6/damask/edit-aviary-light.png]
[assets.squarespace.com/universal/images-v6/damask/edit-aviary-light@2x.png]
[assets.squarespace.com/universal/images-v6/damask/edit-info-light.png]
[assets.squarespace.com/universal/images-v6/damask/edit-info-light@2x.png]
[assets.squarespace.com/universal/images-v6/damask/trash-9-light.png]
[assets.squarespace.com/universal/images-v6/damask/trash-9-light@2x.png]
[assets.squarespace.com/universal/images-v6/damask/trash-9-red.png]
[assets.squarespace.com/universal/images-v6/damask/trash-9-red@2x.png]
[assets.squarespace.com/universal/images-v6/damask/getty-16-light.png]
[assets.squarespace.com/universal/images-v6/damask/getty-32-light.png]
[assets.squarespace.com/universal/images-v6/damask/shopping-cart-16-light.png]
[assets.squarespace.com/universal/images-v6/damask/shopping-cart-32-light.png]
[static1.squarespace.com/universal/images-v6/icons/block-indicator-dark.png]
[static1.squarespace.com/universal/images-v6/icons/block-indicator-dark@2x.png]
[static1.squarespace.com/universal/images-v6/icons/opentable-icons.png]
[static1.squarespace.com/universal/images-v6/icons/icon-searchqueries-20-dark.png]
[static1.squarespace.com/universal/images-v6/icons/icon-searchqueries-20-light.png]
[assets.squarespace.com/universal/images-v6/icons/icon-video-24-light-solid.png]
[assets.squarespace.com/universal/images-v6/icons/icon-settings-16-light.png]
[static1.squarespace.com/static/sitecss/5e7239232f1ecd14b3d5416c/39/5c5a519771c10ba3470d8101/5e7239232f1ecd14b3d54186/1052-05142015/1618311964791/site.css]
[www.redemptionchurch.co.za/c.42.delayed]
[www.redemptionchurch.co.za/b.43.delayed]
[www.redemptionchurch.co.za/POST.44.delayed]
[connect.facebook.net/en_US/fbevents.js]
[assets.squarespace.com/universal/scripts-compressed/common-vendors-bba777bbc09f5c3ec0483-min.en-US.js]
[www.redemptionchurch.co.za/cart.html]
[www.redemptionchurch.co.za/_https_/control.livingasone.com/webplayer/loader.min.js/___/script__,_resolvedBy___manual_,_resolved__true}_.4f.delayed]
[assets.squarespace.com/universal/scripts-compressed/commerce-47ba27a75764a640ff869-min.en-US.js]
[control.livingasone.com/webplayer/loader.min.js]
[images.squarespace-cdn.com/content/v1/5e7239232f1ecd14b3d5416c/1617280549327-GW8TFZ763B8B6CW3NRPA/ke17ZwdGBToddI8pDm48kFTEgwhRQcX9r3XtU0e50sUUqsx/case+for+Christ.png]
[www.redemptionchurch.co.za/connect-card.html]
[images.squarespace-cdn.com/content/v1/5e7239232f1ecd14b3d5416c/1606845833719-I0QZL20ZQBSMJC09G7ZQ/ke17ZwdGBToddI8pDm48kOggE0Ch6pMGalwtLMqzsSB7gQa/50603708421_ddd331531b_o.jpg]
[assets.squarespace.com/universal/scripts-compressed/commerce-cart-5335bb573b547dabcfe7b-min.en-US.js]
[images.squarespace-cdn.com/content/v1/5e7239232f1ecd14b3d5416c/1601569385002-1HNI2CPXXPQ7B2U6BBAO/ke17ZwdGBToddI8pDm48kJK4Mm1kch8SFO9ZNkN1NT97gQa/2.png]
[images.squarespace-cdn.com/content/v1/5e7239232f1ecd14b3d5416c/1606845929034-1ZL2ZZ3NN5SQOLSUAP1V/ke17ZwdGBToddI8pDm48kJK4Mm1kch8SFO9ZNkN1NT97gQa/Untitled+design.jpg]
[dashboard.static.subsplash.com/production/web-client/external/embed-1.1.0.js]
[www.redemptionchurch.co.za/online-church.html]
[www.redemptionchurch.co.za/regroups.5b.delayed]
[www.redemptionchurch.co.za/live-stream.5c.delayed]
[assets.squarespace.com/universal/scripts-compressed/commerce-checkout-d15269c9eaf593f14aa33-min.en-US.js]
[www.redemptionchurch.co.za/new-believers.html]
[images.squarespace-cdn.com/content/5e7239232f1ecd14b3d5416c/1598194546662-OJTCBH58OI25KB6E7ZAV/50221355543_91bcf7195f_k43a3.jpg]
[images.squarespace-cdn.com/content/v1/5e7239232f1ecd14b3d5416c/1614350541281-EDLSYHBIXHLQ4KO55ZUS/ke17ZwdGBToddI8pDm48kKUnzI79RF14iA7fQAm4thV7gQa/ONLINE+CONNECT+GROUPS.png]
[assets.squarespace.com/universal/scripts-compressed/commerce-42d5a1dc49727de28c5e2-min.en-US.js]
[www.redemptionchurch.co.za/connect.html]
[images.squarespace-cdn.com/content/v1/5e7239232f1ecd14b3d5416c/1584951498010-90VK1KFUXRY7EDZB0PIK/ke17ZwdGBToddI8pDm48kNvT88LknE-K9M4pGNO0Iqd7gQa/family+fun.png]
[images.squarespace-cdn.com/content/v1/5e7239232f1ecd14b3d5416c/1584794405731-5G5KNZJGC2123HO56KEM/ke17ZwdGBToddI8pDm48kNvT88LknE-K9M4pGNO0Iqd7gQa/kids-smalldevo.jpg]
[images.squarespace-cdn.com/content/v1/5e7239232f1ecd14b3d5416c/1584791214268-IWEZ2IVMWH9UGU4I3IWD/ke17ZwdGBToddI8pDm48kNvT88LknE-K9M4pGNO0Iqd7gQa/kids-smalllessonplan.jpg]
[www.redemptionchurch.co.za/kids.html]
[www.redemptionchurch.co.za/sunday-lessons.html]
[images.squarespace-cdn.com/content/v1/5e7239232f1ecd14b3d5416c/1613545027316-08FNUTH1LFWJMOC29OLX/ke17ZwdGBToddI8pDm48kJK4Mm1kch8SFO9ZNkN1NT97gQa/1.png]
[images.squarespace-cdn.com/content/v1/5e7239232f1ecd14b3d5416c/1613545257781-JFIW1BJEQXEFBV5R2Q0Q/ke17ZwdGBToddI8pDm48kJK4Mm1kch8SFO9ZNkN1NT97gQa/2.png]
[images.squarespace-cdn.com/content/v1/5e7239232f1ecd14b3d5416c/1613546712379-AOSCGRA30X2U07KL0TMG/ke17ZwdGBToddI8pDm48kJK4Mm1kch8SFO9ZNkN1NT97gQa/We+are+running+Alpha+ONLINE!!+(1).png]
[www.redemptionchurch.co.za/youth-alpha-page.html]
[www.redemptionchurch.co.za/youth-podcast.html]
[www.redemptionchurch.co.za/youth.html]
[www.redemptionchurch.co.za/_/www.youtube.com/embed/0GgmnLAX8fA.7c8344.delayed]
[www.redemptionchurch.co.za/_/www.youtube.com/embed/o3wX6DNrioA.7e8588.delayed]
[www.redemptionchurch.co.za/need-prayer-form.7f.delayed]
[www.redemptionchurch.co.za/need-help-form.html]
[www.redemptionchurch.co.za/give-help-form.html]
[images.squarespace-cdn.com/content/v1/5e7239232f1ecd14b3d5416c/1587274072080-C463QBJXT8PJFJQWA93X/ke17ZwdGBToddI8pDm48kNvT88LknE-K9M4pGNO0Iqd7gQa/ps+josh.jpg]
[www.redemptionchurch.co.za/_/www.youtube.com/embed/4rDk3FXV3Zs.848344.delayed]
[images.squarespace-cdn.com/content/v1/5e7239232f1ecd14b3d5416c/1602758689839-9V8JFA4DMVYK7T8BVFN0/ke17ZwdGBToddI8pDm48kJIheEsWFZqABRGl8MuAqctZw-z/Screenshot+2020-10-15+at+12.43.27.png]
[images.squarespace-cdn.com/content/v1/5e7239232f1ecd14b3d5416c/1602758806004-RZNGROH6XCN8O3J1U2GE/ke17ZwdGBToddI8pDm48kB5hzmfZiNsevVJ8RnpeOVlZw-z/Screenshot+2020-10-15+at+12.43.46.png]
[images.squarespace-cdn.com/content/v1/5e7239232f1ecd14b3d5416c/1587235920256-IXTC28HC25TZ97LIR9BE/ke17ZwdGBToddI8pDm48kNvT88LknE-K9M4pGNO0Iqd7gQa/amsterdam.jpg]
[www.redemptionchurch.co.za/_/www.youtube.com/embed/OZWMZ7ceUgQ.898344.delayed]
[www.redemptionchurch.co.za/_/www.youtube.com/embed/8Lj5TraZLTc.8b8344.delayed]
[images.squarespace-cdn.com/content/v1/5e7239232f1ecd14b3d5416c/1587142587301-4H2A586YDH5WF1GI9ZFM/ke17ZwdGBToddI8pDm48kFTEgwhRQcX9r3XtU0e50sUUqsx/Untitled+design(11).png]
[images.squarespace-cdn.com/content/v1/5e7239232f1ecd14b3d5416c/1587142336667-CTT4E8IMYFB04GDP4TPU/ke17ZwdGBToddI8pDm48kNvT88LknE-K9M4pGNO0Iqd7gQa/cover+FB+LID.png]
[images.squarespace-cdn.com/content/v1/5e7239232f1ecd14b3d5416c/1587142639150-KH19PGXH4TZXKAFRMGPW/ke17ZwdGBToddI8pDm48kPxIRhzwIYYJgDn0xb-82i17gQa/youtube+cover.png]
[www.redemptionchurch.co.za/jesuscares.html]
[www.redemptionchurch.co.za/healing.html]
[www.redemptionchurch.co.za/youth-blogsa409]
[www.redemptionchurch.co.za/youth-blogs/all-you-need-to-hear.html]
[www.redemptionchurch.co.za/youth-blogs/surgery.html]
[www.redemptionchurch.co.za/youth-blogs/it-was-never-your-burden-to-carry.html]
[www.redemptionchurch.co.za/youth-blogs/loin-belt.html]
[www.redemptionchurch.co.za/youth-blogs/real-talk.html]
[www.redemptionchurch.co.za/youth-blogs/what-is-the-foundation.html]
[www.redemptionchurch.co.za/youth-blogs/mantaining-our-mental-health-in-uncertain-times.html]
[www.redemptionchurch.co.za/youth-blogs/im-fully-known.html]
[www.redemptionchurch.co.za/youth-blogs/heritage-day.html]
[www.redemptionchurch.co.za/youth-blogs/speak-life-giving-words.html]
[www.redemptionchurch.co.za/youth-blogs/the-greatest-advice-to-live-your-best-life.html]
[www.redemptionchurch.co.za/youth-blogs/the-battle-is-not-yours.html]
[www.redemptionchurch.co.za/youth-blogs/lets-talk-about-halloween.html]
[www.redemptionchurch.co.za/youth-blogs/from-exam-stress-to-supernatural-rest.html]
[www.redemptionchurch.co.za/youth-blogs/blog-post-title-one-4y6y5.html]
[www.redemptionchurch.co.za/youth-blogs/blog-post-title-two-srxrl.html]
[www.redemptionchurch.co.za/youth-blogs/blog-post-title-three-2stw2.html]
[www.redemptionchurch.co.za/youth-blogs.html]
[www.redemptionchurch.co.za/youth-blogs/blog-post-title-four-gy32l.html]
[www.redemptionchurch.co.za/testimoniesa409]
[www.redemptionchurch.co.za/testimonies/relationship-restored.html]
[www.redemptionchurch.co.za/testimonies/on-the-front-line.html]
[www.redemptionchurch.co.za/testimonies/supernatural-favor-during-lock-down.html]
[www.redemptionchurch.co.za/testimonies/strongsupernatural-provision.html]
[www.redemptionchurch.co.za/testimonies/redemption-worship.html]
[www.redemptionchurch.co.za/testimonies/panic-attacks.html]
[www.redemptionchurch.co.za/testimonies/gods-provision.html]
[www.redemptionchurch.co.za/testimonies/bellspalsy-healing.html]
[www.redemptionchurch.co.za/testimonies/spiritual-growth.html]
[www.redemptionchurch.co.za/testimonies.html]
[www.redemptionchurch.co.za/testimony-form.html]
[images.squarespace-cdn.com/content/v1/5e7239232f1ecd14b3d5416c/1589037789059-MGR7KQMZKKXA5ZVAGMEG/ke17ZwdGBToddI8pDm48kJK4Mm1kch8SFO9ZNkN1NT97gQa/bar+codes+(6).png]
[images.squarespace-cdn.com/content/v1/5e7239232f1ecd14b3d5416c/1589018654501-IPICCO1JLJQR2JW308US/ke17ZwdGBToddI8pDm48kJK4Mm1kch8SFO9ZNkN1NT97gQa/Untitled+design(19).png]
[images.squarespace-cdn.com/content/v1/5e7239232f1ecd14b3d5416c/1589016273723-RJZF3XYF1WGHH33CCFC2/ke17ZwdGBToddI8pDm48kJK4Mm1kch8SFO9ZNkN1NT97gQa/3.png]
[images.squarespace-cdn.com/content/v1/5e7239232f1ecd14b3d5416c/1589019382766-PVTDEA15B7ST16MAT6MJ/ke17ZwdGBToddI8pDm48kJK4Mm1kch8SFO9ZNkN1NT97gQa/bar+codes+(5).png]
[www.redemptionchurch.co.za/give.html]
[images.squarespace-cdn.com/content/v1/5e7239232f1ecd14b3d5416c/1614363206414-I2CS3XUGUNTLXMBP49M2/ke17ZwdGBToddI8pDm48kCiC6x0kNpxliGpzQTkOLNUUqsx/50300477388_217ec67c14_o.jpg]
[www.redemptionchurch.co.za/about.html]
[www.redemptionchurch.co.za/prayer.html]
[images.squarespace-cdn.com/content/v1/5e7239232f1ecd14b3d5416c/1584743518997-MNE9ZVEWJ5L41J4WF67Q/ke17ZwdGBToddI8pDm48kCQ6LX_j8ClttuhEt5Y8cfUUqsx/contact-image.jpg]
[www.redemptionchurch.co.za/contact.html]
[www.redemptionchurch.co.za/https_/www.redemptionchurch.co.za/jesuscares.html]
[www.redemptionchurch.co.za/c.html]
[www.redemptionchurch.co.za/b.html]
[www.redemptionchurch.co.za/POST.html]
[www.redemptionchurch.co.za/_https_/control.livingasone.com/webplayer/loader.min.js/___/script__,_resolvedBy___manual_,_resolved__true}_.html]
[www.redemptionchurch.co.za/_/cdn.embedly.com/widgets/media5252.html]
[www.redemptionchurch.co.za/connect-card.html]
[www.redemptionchurch.co.za/regroups.html]
[www.redemptionchurch.co.za/live-stream.html]
[www.redemptionchurch.co.za/_/cdn.embedly.com/widgets/mediabc22.html]
[www.redemptionchurch.co.za/_/cdn.embedly.com/widgets/mediabead.html]
[www.redemptionchurch.co.za/_/cdn.embedly.com/widgets/media9764.html]
[images.squarespace-cdn.com/content/v1/5e7239232f1ecd14b3d5416c/1595533806493-E8FAOMXR0MURUD5MRNVH/ke17ZwdGBToddI8pDm48kNvT88LknE-K9M4pGNO0Iqd7gQa/Sunday+Lessons.png]
[images.squarespace-cdn.com/content/v1/5e7239232f1ecd14b3d5416c/1595533986197-45SCVGI37L8A1DTXB0LI/ke17ZwdGBToddI8pDm48kNvT88LknE-K9M4pGNO0Iqd7gQa/Sunday+Lessons.png]
[images.squarespace-cdn.com/content/v1/5e7239232f1ecd14b3d5416c/1595534137272-TFYHZB3XH5SKWVKZ7W06/ke17ZwdGBToddI8pDm48kNvT88LknE-K9M4pGNO0Iqd7gQa/Mothers+day.png]
[images.squarespace-cdn.com/content/v1/5e7239232f1ecd14b3d5416c/1595534250656-5PDUYOJGLVQUE3YI8XU1/ke17ZwdGBToddI8pDm48kNvT88LknE-K9M4pGNO0Iqd7gQa/Sunday+Lessons.png]
[images.squarespace-cdn.com/content/v1/5e7239232f1ecd14b3d5416c/1595534284648-UC9BOW66ZSL285KR24MG/ke17ZwdGBToddI8pDm48kNvT88LknE-K9M4pGNO0Iqd7gQa/Sunday+Lessons.png]
[images.squarespace-cdn.com/content/v1/5e7239232f1ecd14b3d5416c/1595533835897-75CZOY79KWPSBI0CSP8D/ke17ZwdGBToddI8pDm48kNvT88LknE-K9M4pGNO0Iqd7gQa/Sunday+Lessons.png]
[images.squarespace-cdn.com/content/v1/5e7239232f1ecd14b3d5416c/1595534014677-KIU1XMVPYCUV9SIJ4I4D/ke17ZwdGBToddI8pDm48kNvT88LknE-K9M4pGNO0Iqd7gQa/Sunday+Lessons.png]
[images.squarespace-cdn.com/content/v1/5e7239232f1ecd14b3d5416c/1595534171047-57ULR95EOHWVW8GS4BYI/ke17ZwdGBToddI8pDm48kNvT88LknE-K9M4pGNO0Iqd7gQa/Sunday+Lessons.png]
[images.squarespace-cdn.com/content/v1/5e7239232f1ecd14b3d5416c/1595534224735-P8J73Y70U8C20NXS1MB9/ke17ZwdGBToddI8pDm48kNvT88LknE-K9M4pGNO0Iqd7gQa/Sunday+Lessons.png]
[images.squarespace-cdn.com/content/v1/5e7239232f1ecd14b3d5416c/1595534314245-RPVHWMJZX5Q8J605F3DL/ke17ZwdGBToddI8pDm48kNvT88LknE-K9M4pGNO0Iqd7gQa/Sunday+Lessons.png]
[images.squarespace-cdn.com/content/v1/5e7239232f1ecd14b3d5416c/1595533879888-2GPEUKKGU2GI1APWQ0FV/ke17ZwdGBToddI8pDm48kNvT88LknE-K9M4pGNO0Iqd7gQa/Sunday+Lessons.png]
[images.squarespace-cdn.com/content/v1/5e7239232f1ecd14b3d5416c/1595537794418-SLX045SFX678CC0IKIU5/ke17ZwdGBToddI8pDm48kNvT88LknE-K9M4pGNO0Iqd7gQa/Sunday+Lessons.jpg]
[images.squarespace-cdn.com/content/v1/5e7239232f1ecd14b3d5416c/1595534082571-NKK512N1DW4ZSQFNYHJ1/ke17ZwdGBToddI8pDm48kNvT88LknE-K9M4pGNO0Iqd7gQa/Sunday+Lessons.png]
[images.squarespace-cdn.com/content/v1/5e7239232f1ecd14b3d5416c/1595534108498-6OARB0RGLDQBTZV21YDO/ke17ZwdGBToddI8pDm48kNvT88LknE-K9M4pGNO0Iqd7gQa/Sunday+Lessons.png]
[www.redemptionchurch.co.za/sunday-lessons.html]
[www.redemptionchurch.co.za/_https_/player.vimeo.com/video/448533436/_.ea.delayed]
[www.redemptionchurch.co.za/_https_/player.vimeo.com/video/448533436_.eb.delayed]
[www.redemptionchurch.co.za/youth-alpha-page.html]
[images.squarespace-cdn.com/content/v1/5e7239232f1ecd14b3d5416c/1613035533399-2KM9PEN03TGRYQQXBD9H/ke17ZwdGBToddI8pDm48kAf-OpKpNsh_OjjU8JOdDKBZw-z/1.png]
[images.squarespace-cdn.com/content/v1/5e7239232f1ecd14b3d5416c/1613035806047-W2ES03INN03SIP9S2THS/ke17ZwdGBToddI8pDm48kAf-OpKpNsh_OjjU8JOdDKBZw-z/2.png]
[images.squarespace-cdn.com/content/v1/5e7239232f1ecd14b3d5416c/1613035927138-G3IBITVXKR2R5M7WNFML/ke17ZwdGBToddI8pDm48kAf-OpKpNsh_OjjU8JOdDKBZw-z/3.png]
[www.redemptionchurch.co.za/youth-podcast.html]
[www.redemptionchurch.co.za/_/www.youtube.com/embed/0GgmnLAX8fA9ae1.html]
[www.redemptionchurch.co.za/_/www.youtube.com/embed/0GgmnLAX8fA8344.html]
[www.redemptionchurch.co.za/_/www.youtube.com/embed/o3wX6DNrioA390f.html]
[www.redemptionchurch.co.za/_/www.youtube.com/embed/o3wX6DNrioA8588.html]
[www.redemptionchurch.co.za/need-prayer-form.html]
[www.redemptionchurch.co.za/need-help-form.html]
[images.squarespace-cdn.com/content/v1/5e7239232f1ecd14b3d5416c/1587145221399-FOW3OEKMI1NTDNAESZV5/ke17ZwdGBToddI8pDm48kLPswmMOqQZ9-Q6KHLjvbpZ7gQa/logo-jesuscares.png]
[www.redemptionchurch.co.za/give-help-form.html]
[www.redemptionchurch.co.za/_/www.youtube.com/embed/4rDk3FXV3Zs9ae1.html]
[www.redemptionchurch.co.za/_/www.youtube.com/embed/4rDk3FXV3Zs8344.html]
[www.redemptionchurch.co.za/_/www.youtube.com/embed/OZWMZ7ceUgQ9ae1.html]
[www.redemptionchurch.co.za/_/www.youtube.com/embed/OZWMZ7ceUgQ8344.html]
[www.redemptionchurch.co.za/_/www.youtube.com/embed/8Lj5TraZLTc9ae1.html]
[www.redemptionchurch.co.za/_/www.youtube.com/embed/8Lj5TraZLTc8344.html]
[www.redemptionchurch.co.za/healing.html]
[images.squarespace-cdn.com/content/5e7239232f1ecd14b3d5416c/1615031660034-NDV1R0P7TEQN8ASR866H/BP+Graphic5d45.png]
[www.redemptionchurch.co.za/youth-blogs/all-you-need-to-hear.html]
[www.redemptionchurch.co.za/youth-blogsfd1a.html]
[images.squarespace-cdn.com/content/5e7239232f1ecd14b3d5416c/1613646241836-PNONKSB438069C57VY47/Surgery++Image+(1)5d45.png]
[www.redemptionchurch.co.za/youth-blogs/surgery.html]
[www.redemptionchurch.co.za/youth-blogs/it-was-never-your-burden-to-carry.html]
[www.redemptionchurch.co.za/youth-blogs/loin-belt.html]
[www.redemptionchurch.co.za/youth-blogs/real-talk.html]
[www.redemptionchurch.co.za/youth-blogs/what-is-the-foundation.html]
[www.redemptionchurch.co.za/youth-blogs/mantaining-our-mental-health-in-uncertain-times.html]
[www.redemptionchurch.co.za/youth-blogs/im-fully-known.html]
[www.redemptionchurch.co.za/youth-blogs/heritage-day.html]
[www.redemptionchurch.co.za/youth-blogs/speak-life-giving-words.html]
[www.redemptionchurch.co.za/youth-blogs/the-greatest-advice-to-live-your-best-life.html]
[www.redemptionchurch.co.za/youth-blogs/the-battle-is-not-yours.html]
[www.redemptionchurch.co.za/youth-blogs/lets-talk-about-halloween.html]
[www.redemptionchurch.co.za/youth-blogs/from-exam-stress-to-supernatural-rest.html]
[www.redemptionchurch.co.za/youth-blogs/blog-post-title-one-4y6y5.html]
[www.redemptionchurch.co.za/youth-blogs/blog-post-title-two-srxrl.html]
[www.redemptionchurch.co.za/youth-blogs/blog-post-title-three-2stw2.html]
[www.redemptionchurch.co.za/youth-blogs/blog-post-title-four-gy32l.html]
[images.squarespace-cdn.com/content/5e7239232f1ecd14b3d5416c/1590088946342-X12OQOP7HNUKKW9DWAC5/shari-sirotnak-RABqzOCGuT8-unsplash43a3.jpg]
[www.redemptionchurch.co.za/testimonies/relationship-restored.html]
[www.redemptionchurch.co.za/testimoniesfd1a.html]
[images.squarespace-cdn.com/content/5e7239232f1ecd14b3d5416c/1590088771270-2IP1R8ALX4C025IHHZTB/ashkan-forouzani-ignxm3E1Rg4-unsplash43a3.jpg]
[www.redemptionchurch.co.za/testimonies/on-the-front-line.html]
[images.squarespace-cdn.com/content/5e7239232f1ecd14b3d5416c/1590088412334-6D1KPCZN12BFV77HSUWJ/clay-banks-h--EvPnOGjY-unsplash43a3.jpg]
[www.redemptionchurch.co.za/testimonies/supernatural-favor-during-lock-down.html]
[images.squarespace-cdn.com/content/5e7239232f1ecd14b3d5416c/1587591743466-WEUAM4794E3AA67Q6H4Z/annie-spratt-SVR0YpsHH-8-unsplash43a3.jpg]
[www.redemptionchurch.co.za/testimonies/strongsupernatural-provision.html]
[images.squarespace-cdn.com/content/5e7239232f1ecd14b3d5416c/1587591941047-M56IATGUKW0HLV7THAB1/greg-weaver-YY-ekIBjC0c-unsplash43a3.jpg]
[www.redemptionchurch.co.za/testimonies/redemption-worship.html]
[images.squarespace-cdn.com/content/5e7239232f1ecd14b3d5416c/1587588631461-A2Q4E8M3X2X1JRNSKGXF/nik-shuliahin-BuNWp1bL0nc-unsplash43a3.jpg]
[www.redemptionchurch.co.za/testimonies/panic-attacks.html]
[www.redemptionchurch.co.za/testimonies/gods-provision.html]
[images.squarespace-cdn.com/content/5e7239232f1ecd14b3d5416c/1587587598556-OGVXWNM3YPATBCUB4YMW/priscilla-du-preez-6WalfuzT_J0-unsplash43a3.jpg]
[www.redemptionchurch.co.za/testimonies/bellspalsy-healing.html]
[www.redemptionchurch.co.za/testimonies/spiritual-growth.html]
[www.redemptionchurch.co.za/testimony-form.html]
[www.redemptionchurch.co.za/_https_/player.vimeo.com/video/448533436/_.html]
[www.redemptionchurch.co.za/_https_/player.vimeo.com/video/448533436_.html]
[www.redemptionchurch.co.za/_/cdn.embedly.com/widgets/mediae2d2.html]
[www.redemptionchurch.co.za/_/cdn.embedly.com/widgets/media5645.html]
[www.redemptionchurch.co.za/_/cdn.embedly.com/widgets/media5845.html]
[www.redemptionchurch.co.za/youth-blogsfd1a.html]
[www.redemptionchurch.co.za/testimoniesfd1a.html]
